<?xml version="1.0" encoding="UTF-8"?>
<!-- Generated by org.testng.reporters.JUnitXMLReporter -->
<testsuite hostname="Piyush" ignored="0" name="ProviderTest" tests="3" failures="0" timestamp="18 Apr 2022 09:44:21 GMT" time="68.408" errors="0">
  <testcase name="test" time="1.374" classname="testcases.LoginTestProvider"/>
  <testcase name="test" time="1.247" classname="testcases.LoginTestProvider"/>
  <testcase name="test" time="1.303" classname="testcases.LoginTestProvider"/>
</testsuite> <!-- ProviderTest -->
