<?xml version="1.0" encoding="UTF-8"?>
<!-- Generated by org.testng.reporters.JUnitXMLReporter -->
<testsuite hostname="Piyush" ignored="0" name="ProviderTest" tests="3" failures="0" timestamp="18 Apr 2022 15:38:08 GMT" time="54.032" errors="0">
  <testcase name="test" time="2.058" classname="testcases.LoginTestProvider"/>
  <testcase name="test" time="2.233" classname="testcases.LoginTestProvider"/>
  <testcase name="test" time="1.669" classname="testcases.LoginTestProvider"/>
</testsuite> <!-- ProviderTest -->
