<?xml version="1.0" encoding="UTF-8"?>
<!-- Generated by org.testng.reporters.JUnitXMLReporter -->
<testsuite hostname="Piyush" ignored="0" name="SeekerTest" tests="3" failures="0" timestamp="18 Apr 2022 09:43:12 GMT" time="59.239" errors="0">
  <testcase name="test" time="1.542" classname="testcases.LoginTestSeeker"/>
  <testcase name="test" time="1.249" classname="testcases.LoginTestSeeker"/>
  <testcase name="test" time="1.274" classname="testcases.LoginTestSeeker"/>
</testsuite> <!-- SeekerTest -->
