<?xml version="1.0" encoding="UTF-8"?>
<!-- Generated by org.testng.reporters.JUnitXMLReporter -->
<testsuite hostname="Piyush" ignored="0" name="SeekerTest" tests="3" failures="0" timestamp="18 Apr 2022 15:37:13 GMT" time="58.421" errors="0">
  <testcase name="test" time="7.433" classname="testcases.LoginTestSeeker"/>
  <testcase name="test" time="1.454" classname="testcases.LoginTestSeeker"/>
  <testcase name="test" time="1.481" classname="testcases.LoginTestSeeker"/>
</testsuite> <!-- SeekerTest -->
