<?xml version="1.0" encoding="UTF-8"?>
<!-- Generated by org.testng.reporters.JUnitXMLReporter -->
<testsuite hostname="Piyush" ignored="0" name="ProviderTest" tests="3" failures="0" timestamp="2022-04-18T21:23:49 IST" time="40.479" errors="0">
  <testcase name="test" time="1.918" classname="testcases.LoginTestProvider"/>
  <testcase name="test" time="1.941" classname="testcases.LoginTestProvider"/>
  <testcase name="test" time="1.816" classname="testcases.LoginTestProvider"/>
</testsuite> <!-- ProviderTest -->
