<?xml version="1.0" encoding="UTF-8"?>
<!-- Generated by org.testng.reporters.JUnitXMLReporter -->
<testsuite hostname="Piyush" ignored="0" name="ProviderTest" tests="3" failures="0" timestamp="2022-04-18T15:17:58 IST" time="76.522" errors="0">
  <testcase name="test" time="1.587" classname="testcases.LoginTestProvider"/>
  <testcase name="test" time="2.658" classname="testcases.LoginTestProvider"/>
  <testcase name="test" time="1.684" classname="testcases.LoginTestProvider"/>
</testsuite> <!-- ProviderTest -->
