<?xml version="1.0" encoding="UTF-8"?>
<!-- Generated by org.testng.reporters.JUnitXMLReporter -->
<testsuite hostname="Piyush" ignored="0" name="SeekerTest" tests="3" failures="0" timestamp="2022-04-18T15:16:42 IST" time="60.285" errors="0">
  <testcase name="test" time="1.758" classname="testcases.LoginTestSeeker"/>
  <testcase name="test" time="1.588" classname="testcases.LoginTestSeeker"/>
  <testcase name="test" time="1.525" classname="testcases.LoginTestSeeker"/>
</testsuite> <!-- SeekerTest -->
