<?xml version="1.0" encoding="UTF-8"?>
<!-- Generated by org.testng.reporters.JUnitXMLReporter -->
<testsuite hostname="Piyush" ignored="0" name="SeekerTest" tests="3" failures="0" timestamp="2022-04-18T21:23:09 IST" time="42.321" errors="0">
  <testcase name="test" time="1.738" classname="testcases.LoginTestSeeker"/>
  <testcase name="test" time="1.539" classname="testcases.LoginTestSeeker"/>
  <testcase name="test" time="1.681" classname="testcases.LoginTestSeeker"/>
</testsuite> <!-- SeekerTest -->
