<?xml version="1.0" encoding="UTF-8"?>
<testng-results skipped="0" failed="0" ignored="0" total="6" passed="6">
  <reporter-output>
  </reporter-output>
  <suite name="Suite" duration-ms="82937" started-at="2022-04-18T21:22:26 IST" finished-at="2022-04-18T21:23:49 IST">
    <groups>
    </groups>
    <test name="SeekerTest" duration-ms="42321" started-at="2022-04-18T21:22:26 IST" finished-at="2022-04-18T21:23:09 IST">
      <class name="testcases.LoginTestSeeker">
        <test-method status="PASS" signature="beforeSuite(java.lang.String)[pri:0, instance:testcases.LoginTestSeeker@527740a2]" name="beforeSuite" is-config="true" duration-ms="231" started-at="2022-04-18T21:22:26 IST" finished-at="2022-04-18T21:22:27 IST">
          <params>
            <param index="0">
              <value>
                <![CDATA[Seeker]]>
              </value>
            </param>
          </params>
          <reporter-output>
          </reporter-output>
        </test-method> <!-- beforeSuite -->
        <test-method status="PASS" signature="beforeTest(java.lang.String, java.lang.String, java.lang.String)[pri:0, instance:testcases.LoginTestSeeker@527740a2]" name="beforeTest" is-config="true" duration-ms="7905" started-at="2022-04-18T21:22:27 IST" finished-at="2022-04-18T21:22:35 IST">
          <params>
            <param index="0">
              <value>
                <![CDATA[chrome]]>
              </value>
            </param>
            <param index="1">
              <value>
                <![CDATA[http://www.nethorizonconsultancy.com/Seeker.aspx]]>
              </value>
            </param>
            <param index="2">
              <value>
                <![CDATA[Seeker]]>
              </value>
            </param>
          </params>
          <reporter-output>
          </reporter-output>
        </test-method> <!-- beforeTest -->
        <test-method status="PASS" signature="test(java.lang.String, java.lang.String)[pri:0, instance:testcases.LoginTestSeeker@527740a2]" name="test" duration-ms="1738" started-at="2022-04-18T21:22:35 IST" data-provider="getData" finished-at="2022-04-18T21:22:37 IST">
          <params>
            <param index="0">
              <value>
                <![CDATA[parag]]>
              </value>
            </param>
            <param index="1">
              <value>
                <![CDATA[saxena]]>
              </value>
            </param>
          </params>
          <reporter-output>
          </reporter-output>
        </test-method> <!-- test -->
        <test-method status="PASS" signature="afterTest()[pri:0, instance:testcases.LoginTestSeeker@527740a2]" name="afterTest" is-config="true" duration-ms="755" started-at="2022-04-18T21:22:37 IST" finished-at="2022-04-18T21:22:37 IST">
          <reporter-output>
          </reporter-output>
        </test-method> <!-- afterTest -->
        <test-method status="PASS" signature="beforeTest(java.lang.String, java.lang.String, java.lang.String)[pri:0, instance:testcases.LoginTestSeeker@527740a2]" name="beforeTest" is-config="true" duration-ms="5904" started-at="2022-04-18T21:22:37 IST" finished-at="2022-04-18T21:22:43 IST">
          <params>
            <param index="0">
              <value>
                <![CDATA[chrome]]>
              </value>
            </param>
            <param index="1">
              <value>
                <![CDATA[http://www.nethorizonconsultancy.com/Seeker.aspx]]>
              </value>
            </param>
            <param index="2">
              <value>
                <![CDATA[Seeker]]>
              </value>
            </param>
          </params>
          <reporter-output>
          </reporter-output>
        </test-method> <!-- beforeTest -->
        <test-method status="PASS" signature="test(java.lang.String, java.lang.String)[pri:0, instance:testcases.LoginTestSeeker@527740a2]" name="test" duration-ms="1539" started-at="2022-04-18T21:22:43 IST" data-provider="getData" finished-at="2022-04-18T21:22:45 IST">
          <params>
            <param index="0">
              <value>
                <![CDATA[amit]]>
              </value>
            </param>
            <param index="1">
              <value>
                <![CDATA[taneja]]>
              </value>
            </param>
          </params>
          <reporter-output>
          </reporter-output>
        </test-method> <!-- test -->
        <test-method status="PASS" signature="afterTest()[pri:0, instance:testcases.LoginTestSeeker@527740a2]" name="afterTest" is-config="true" duration-ms="745" started-at="2022-04-18T21:22:45 IST" finished-at="2022-04-18T21:22:46 IST">
          <reporter-output>
          </reporter-output>
        </test-method> <!-- afterTest -->
        <test-method status="PASS" signature="beforeTest(java.lang.String, java.lang.String, java.lang.String)[pri:0, instance:testcases.LoginTestSeeker@527740a2]" name="beforeTest" is-config="true" duration-ms="6151" started-at="2022-04-18T21:22:46 IST" finished-at="2022-04-18T21:22:52 IST">
          <params>
            <param index="0">
              <value>
                <![CDATA[chrome]]>
              </value>
            </param>
            <param index="1">
              <value>
                <![CDATA[http://www.nethorizonconsultancy.com/Seeker.aspx]]>
              </value>
            </param>
            <param index="2">
              <value>
                <![CDATA[Seeker]]>
              </value>
            </param>
          </params>
          <reporter-output>
          </reporter-output>
        </test-method> <!-- beforeTest -->
        <test-method status="PASS" signature="test(java.lang.String, java.lang.String)[pri:0, instance:testcases.LoginTestSeeker@527740a2]" name="test" duration-ms="1681" started-at="2022-04-18T21:22:52 IST" data-provider="getData" finished-at="2022-04-18T21:22:53 IST">
          <params>
            <param index="0">
              <value>
                <![CDATA[ravi]]>
              </value>
            </param>
            <param index="1">
              <value>
                <![CDATA[kumar]]>
              </value>
            </param>
          </params>
          <reporter-output>
          </reporter-output>
        </test-method> <!-- test -->
        <test-method status="PASS" signature="afterTest()[pri:0, instance:testcases.LoginTestSeeker@527740a2]" name="afterTest" is-config="true" duration-ms="732" started-at="2022-04-18T21:22:53 IST" finished-at="2022-04-18T21:22:54 IST">
          <reporter-output>
          </reporter-output>
        </test-method> <!-- afterTest -->
        <test-method status="PASS" signature="afterSuite()[pri:0, instance:testcases.LoginTestSeeker@527740a2]" name="afterSuite" is-config="true" duration-ms="14450" started-at="2022-04-18T21:22:54 IST" finished-at="2022-04-18T21:23:09 IST">
          <reporter-output>
          </reporter-output>
        </test-method> <!-- afterSuite -->
      </class> <!-- testcases.LoginTestSeeker -->
    </test> <!-- SeekerTest -->
    <test name="ProviderTest" duration-ms="40479" started-at="2022-04-18T21:23:09 IST" finished-at="2022-04-18T21:23:49 IST">
      <class name="testcases.LoginTestProvider">
        <test-method status="PASS" signature="beforeSuite(java.lang.String)[pri:0, instance:testcases.LoginTestProvider@887af79]" name="beforeSuite" is-config="true" duration-ms="4" started-at="2022-04-18T21:23:09 IST" finished-at="2022-04-18T21:23:09 IST">
          <params>
            <param index="0">
              <value>
                <![CDATA[Provider]]>
              </value>
            </param>
          </params>
          <reporter-output>
          </reporter-output>
        </test-method> <!-- beforeSuite -->
        <test-method status="PASS" signature="beforeTest(java.lang.String, java.lang.String, java.lang.String)[pri:0, instance:testcases.LoginTestProvider@887af79]" name="beforeTest" is-config="true" duration-ms="6394" started-at="2022-04-18T21:23:09 IST" finished-at="2022-04-18T21:23:15 IST">
          <params>
            <param index="0">
              <value>
                <![CDATA[chrome]]>
              </value>
            </param>
            <param index="1">
              <value>
                <![CDATA[http://www.nethorizonconsultancy.com/provider.aspx]]>
              </value>
            </param>
            <param index="2">
              <value>
                <![CDATA[Provider]]>
              </value>
            </param>
          </params>
          <reporter-output>
          </reporter-output>
        </test-method> <!-- beforeTest -->
        <test-method status="PASS" signature="test(java.lang.String, java.lang.String)[pri:0, instance:testcases.LoginTestProvider@887af79]" name="test" duration-ms="1918" started-at="2022-04-18T21:23:15 IST" data-provider="getData" finished-at="2022-04-18T21:23:17 IST">
          <params>
            <param index="0">
              <value>
                <![CDATA[parag]]>
              </value>
            </param>
            <param index="1">
              <value>
                <![CDATA[saxena]]>
              </value>
            </param>
          </params>
          <reporter-output>
          </reporter-output>
        </test-method> <!-- test -->
        <test-method status="PASS" signature="afterTest()[pri:0, instance:testcases.LoginTestProvider@887af79]" name="afterTest" is-config="true" duration-ms="894" started-at="2022-04-18T21:23:17 IST" finished-at="2022-04-18T21:23:18 IST">
          <reporter-output>
          </reporter-output>
        </test-method> <!-- afterTest -->
        <test-method status="PASS" signature="beforeTest(java.lang.String, java.lang.String, java.lang.String)[pri:0, instance:testcases.LoginTestProvider@887af79]" name="beforeTest" is-config="true" duration-ms="6504" started-at="2022-04-18T21:23:18 IST" finished-at="2022-04-18T21:23:25 IST">
          <params>
            <param index="0">
              <value>
                <![CDATA[chrome]]>
              </value>
            </param>
            <param index="1">
              <value>
                <![CDATA[http://www.nethorizonconsultancy.com/provider.aspx]]>
              </value>
            </param>
            <param index="2">
              <value>
                <![CDATA[Provider]]>
              </value>
            </param>
          </params>
          <reporter-output>
          </reporter-output>
        </test-method> <!-- beforeTest -->
        <test-method status="PASS" signature="test(java.lang.String, java.lang.String)[pri:0, instance:testcases.LoginTestProvider@887af79]" name="test" duration-ms="1941" started-at="2022-04-18T21:23:25 IST" data-provider="getData" finished-at="2022-04-18T21:23:26 IST">
          <params>
            <param index="0">
              <value>
                <![CDATA[amit]]>
              </value>
            </param>
            <param index="1">
              <value>
                <![CDATA[taneja]]>
              </value>
            </param>
          </params>
          <reporter-output>
          </reporter-output>
        </test-method> <!-- test -->
        <test-method status="PASS" signature="afterTest()[pri:0, instance:testcases.LoginTestProvider@887af79]" name="afterTest" is-config="true" duration-ms="728" started-at="2022-04-18T21:23:26 IST" finished-at="2022-04-18T21:23:27 IST">
          <reporter-output>
          </reporter-output>
        </test-method> <!-- afterTest -->
        <test-method status="PASS" signature="beforeTest(java.lang.String, java.lang.String, java.lang.String)[pri:0, instance:testcases.LoginTestProvider@887af79]" name="beforeTest" is-config="true" duration-ms="6294" started-at="2022-04-18T21:23:27 IST" finished-at="2022-04-18T21:23:33 IST">
          <params>
            <param index="0">
              <value>
                <![CDATA[chrome]]>
              </value>
            </param>
            <param index="1">
              <value>
                <![CDATA[http://www.nethorizonconsultancy.com/provider.aspx]]>
              </value>
            </param>
            <param index="2">
              <value>
                <![CDATA[Provider]]>
              </value>
            </param>
          </params>
          <reporter-output>
          </reporter-output>
        </test-method> <!-- beforeTest -->
        <test-method status="PASS" signature="test(java.lang.String, java.lang.String)[pri:0, instance:testcases.LoginTestProvider@887af79]" name="test" duration-ms="1816" started-at="2022-04-18T21:23:33 IST" data-provider="getData" finished-at="2022-04-18T21:23:35 IST">
          <params>
            <param index="0">
              <value>
                <![CDATA[ravi]]>
              </value>
            </param>
            <param index="1">
              <value>
                <![CDATA[kumar]]>
              </value>
            </param>
          </params>
          <reporter-output>
          </reporter-output>
        </test-method> <!-- test -->
        <test-method status="PASS" signature="afterTest()[pri:0, instance:testcases.LoginTestProvider@887af79]" name="afterTest" is-config="true" duration-ms="779" started-at="2022-04-18T21:23:35 IST" finished-at="2022-04-18T21:23:36 IST">
          <reporter-output>
          </reporter-output>
        </test-method> <!-- afterTest -->
        <test-method status="PASS" signature="afterSuite()[pri:0, instance:testcases.LoginTestProvider@887af79]" name="afterSuite" is-config="true" duration-ms="13195" started-at="2022-04-18T21:23:36 IST" finished-at="2022-04-18T21:23:49 IST">
          <reporter-output>
          </reporter-output>
        </test-method> <!-- afterSuite -->
      </class> <!-- testcases.LoginTestProvider -->
    </test> <!-- ProviderTest -->
  </suite> <!-- Suite -->
</testng-results>
