<?xml version="1.0" encoding="UTF-8"?>
<testsuite xmlns:xsi="http://www.w3.org/2001/XMLSchema-instance" xsi:noNamespaceSchemaLocation="https://maven.apache.org/surefire/maven-surefire-plugin/xsd/surefire-test-report-3.0.xsd" version="3.0" name="TestSuite" time="83.889" tests="6" errors="0" skipped="0" failures="0">
  <properties>
[...]
</properties>
  <testcase name="test" classname="testcases.LoginTestSeeker" time="1.742"/>
  <testcase name="test" classname="testcases.LoginTestSeeker" time="1.539"/>
  <testcase name="test" classname="testcases.LoginTestSeeker" time="1.682"/>
  <testcase name="test" classname="testcases.LoginTestProvider" time="1.917"/>
  <testcase name="test" classname="testcases.LoginTestProvider" time="1.942"/>
  <testcase name="test" classname="testcases.LoginTestProvider" time="1.817"/>
</testsuite>