<?xml version="1.0" encoding="UTF-8"?>
<testng-results skipped="0" failed="0" ignored="0" total="6" passed="6">
  <reporter-output>
  </reporter-output>
  <suite name="Suite" duration-ms="112486" started-at="2022-04-18T15:36:15Z" finished-at="2022-04-18T15:38:08Z">
    <groups>
    </groups>
    <test name="SeekerTest" duration-ms="58421" started-at="2022-04-18T15:36:15Z" finished-at="2022-04-18T15:37:13Z">
      <class name="testcases.LoginTestSeeker">
        <test-method status="PASS" signature="beforeSuite(java.lang.String)[pri:0, instance:testcases.LoginTestSeeker@7d9d1a19]" name="beforeSuite" is-config="true" duration-ms="247" started-at="2022-04-18T21:06:15Z" finished-at="2022-04-18T21:06:15Z">
          <params>
            <param index="0">
              <value>
                <![CDATA[Seeker]]>
              </value>
            </param>
          </params>
          <reporter-output>
          </reporter-output>
        </test-method> <!-- beforeSuite -->
        <test-method status="PASS" signature="beforeTest(java.lang.String, java.lang.String, java.lang.String)[pri:0, instance:testcases.LoginTestSeeker@7d9d1a19]" name="beforeTest" is-config="true" duration-ms="12259" started-at="2022-04-18T21:06:16Z" finished-at="2022-04-18T21:06:28Z">
          <params>
            <param index="0">
              <value>
                <![CDATA[chrome]]>
              </value>
            </param>
            <param index="1">
              <value>
                <![CDATA[http://www.nethorizonconsultancy.com/Seeker.aspx]]>
              </value>
            </param>
            <param index="2">
              <value>
                <![CDATA[Seeker]]>
              </value>
            </param>
          </params>
          <reporter-output>
          </reporter-output>
        </test-method> <!-- beforeTest -->
        <test-method status="PASS" signature="test(java.lang.String, java.lang.String)[pri:0, instance:testcases.LoginTestSeeker@7d9d1a19]" name="test" duration-ms="7433" started-at="2022-04-18T21:06:28Z" data-provider="getData" finished-at="2022-04-18T21:06:35Z">
          <params>
            <param index="0">
              <value>
                <![CDATA[parag]]>
              </value>
            </param>
            <param index="1">
              <value>
                <![CDATA[saxena]]>
              </value>
            </param>
          </params>
          <reporter-output>
          </reporter-output>
        </test-method> <!-- test -->
        <test-method status="PASS" signature="afterTest()[pri:0, instance:testcases.LoginTestSeeker@7d9d1a19]" name="afterTest" is-config="true" duration-ms="3878" started-at="2022-04-18T21:06:35Z" finished-at="2022-04-18T21:06:39Z">
          <reporter-output>
          </reporter-output>
        </test-method> <!-- afterTest -->
        <test-method status="PASS" signature="beforeTest(java.lang.String, java.lang.String, java.lang.String)[pri:0, instance:testcases.LoginTestSeeker@7d9d1a19]" name="beforeTest" is-config="true" duration-ms="6654" started-at="2022-04-18T21:06:39Z" finished-at="2022-04-18T21:06:46Z">
          <params>
            <param index="0">
              <value>
                <![CDATA[chrome]]>
              </value>
            </param>
            <param index="1">
              <value>
                <![CDATA[http://www.nethorizonconsultancy.com/Seeker.aspx]]>
              </value>
            </param>
            <param index="2">
              <value>
                <![CDATA[Seeker]]>
              </value>
            </param>
          </params>
          <reporter-output>
          </reporter-output>
        </test-method> <!-- beforeTest -->
        <test-method status="PASS" signature="test(java.lang.String, java.lang.String)[pri:0, instance:testcases.LoginTestSeeker@7d9d1a19]" name="test" duration-ms="1454" started-at="2022-04-18T21:06:46Z" data-provider="getData" finished-at="2022-04-18T21:06:47Z">
          <params>
            <param index="0">
              <value>
                <![CDATA[amit]]>
              </value>
            </param>
            <param index="1">
              <value>
                <![CDATA[taneja]]>
              </value>
            </param>
          </params>
          <reporter-output>
          </reporter-output>
        </test-method> <!-- test -->
        <test-method status="PASS" signature="afterTest()[pri:0, instance:testcases.LoginTestSeeker@7d9d1a19]" name="afterTest" is-config="true" duration-ms="694" started-at="2022-04-18T21:06:47Z" finished-at="2022-04-18T21:06:48Z">
          <reporter-output>
          </reporter-output>
        </test-method> <!-- afterTest -->
        <test-method status="PASS" signature="beforeTest(java.lang.String, java.lang.String, java.lang.String)[pri:0, instance:testcases.LoginTestSeeker@7d9d1a19]" name="beforeTest" is-config="true" duration-ms="6798" started-at="2022-04-18T21:06:48Z" finished-at="2022-04-18T21:06:55Z">
          <params>
            <param index="0">
              <value>
                <![CDATA[chrome]]>
              </value>
            </param>
            <param index="1">
              <value>
                <![CDATA[http://www.nethorizonconsultancy.com/Seeker.aspx]]>
              </value>
            </param>
            <param index="2">
              <value>
                <![CDATA[Seeker]]>
              </value>
            </param>
          </params>
          <reporter-output>
          </reporter-output>
        </test-method> <!-- beforeTest -->
        <test-method status="PASS" signature="test(java.lang.String, java.lang.String)[pri:0, instance:testcases.LoginTestSeeker@7d9d1a19]" name="test" duration-ms="1481" started-at="2022-04-18T21:06:55Z" data-provider="getData" finished-at="2022-04-18T21:06:56Z">
          <params>
            <param index="0">
              <value>
                <![CDATA[ravi]]>
              </value>
            </param>
            <param index="1">
              <value>
                <![CDATA[kumar]]>
              </value>
            </param>
          </params>
          <reporter-output>
          </reporter-output>
        </test-method> <!-- test -->
        <test-method status="PASS" signature="afterTest()[pri:0, instance:testcases.LoginTestSeeker@7d9d1a19]" name="afterTest" is-config="true" duration-ms="724" started-at="2022-04-18T21:06:56Z" finished-at="2022-04-18T21:06:57Z">
          <reporter-output>
          </reporter-output>
        </test-method> <!-- afterTest -->
        <test-method status="PASS" signature="afterSuite()[pri:0, instance:testcases.LoginTestSeeker@7d9d1a19]" name="afterSuite" is-config="true" duration-ms="16348" started-at="2022-04-18T21:06:57Z" finished-at="2022-04-18T21:07:13Z">
          <reporter-output>
          </reporter-output>
        </test-method> <!-- afterSuite -->
      </class> <!-- testcases.LoginTestSeeker -->
    </test> <!-- SeekerTest -->
    <test name="ProviderTest" duration-ms="54032" started-at="2022-04-18T15:37:13Z" finished-at="2022-04-18T15:38:08Z">
      <class name="testcases.LoginTestProvider">
        <test-method status="PASS" signature="beforeSuite(java.lang.String)[pri:0, instance:testcases.LoginTestProvider@402a079c]" name="beforeSuite" is-config="true" duration-ms="6" started-at="2022-04-18T21:07:13Z" finished-at="2022-04-18T21:07:13Z">
          <params>
            <param index="0">
              <value>
                <![CDATA[Provider]]>
              </value>
            </param>
          </params>
          <reporter-output>
          </reporter-output>
        </test-method> <!-- beforeSuite -->
        <test-method status="PASS" signature="beforeTest(java.lang.String, java.lang.String, java.lang.String)[pri:0, instance:testcases.LoginTestProvider@402a079c]" name="beforeTest" is-config="true" duration-ms="6640" started-at="2022-04-18T21:07:13Z" finished-at="2022-04-18T21:07:20Z">
          <params>
            <param index="0">
              <value>
                <![CDATA[chrome]]>
              </value>
            </param>
            <param index="1">
              <value>
                <![CDATA[http://www.nethorizonconsultancy.com/provider.aspx]]>
              </value>
            </param>
            <param index="2">
              <value>
                <![CDATA[Provider]]>
              </value>
            </param>
          </params>
          <reporter-output>
          </reporter-output>
        </test-method> <!-- beforeTest -->
        <test-method status="PASS" signature="test(java.lang.String, java.lang.String)[pri:0, instance:testcases.LoginTestProvider@402a079c]" name="test" duration-ms="2058" started-at="2022-04-18T21:07:20Z" data-provider="getData" finished-at="2022-04-18T21:07:22Z">
          <params>
            <param index="0">
              <value>
                <![CDATA[parag]]>
              </value>
            </param>
            <param index="1">
              <value>
                <![CDATA[saxena]]>
              </value>
            </param>
          </params>
          <reporter-output>
          </reporter-output>
        </test-method> <!-- test -->
        <test-method status="PASS" signature="afterTest()[pri:0, instance:testcases.LoginTestProvider@402a079c]" name="afterTest" is-config="true" duration-ms="886" started-at="2022-04-18T21:07:22Z" finished-at="2022-04-18T21:07:23Z">
          <reporter-output>
          </reporter-output>
        </test-method> <!-- afterTest -->
        <test-method status="PASS" signature="beforeTest(java.lang.String, java.lang.String, java.lang.String)[pri:0, instance:testcases.LoginTestProvider@402a079c]" name="beforeTest" is-config="true" duration-ms="12266" started-at="2022-04-18T21:07:23Z" finished-at="2022-04-18T21:07:35Z">
          <params>
            <param index="0">
              <value>
                <![CDATA[chrome]]>
              </value>
            </param>
            <param index="1">
              <value>
                <![CDATA[http://www.nethorizonconsultancy.com/provider.aspx]]>
              </value>
            </param>
            <param index="2">
              <value>
                <![CDATA[Provider]]>
              </value>
            </param>
          </params>
          <reporter-output>
          </reporter-output>
        </test-method> <!-- beforeTest -->
        <test-method status="PASS" signature="test(java.lang.String, java.lang.String)[pri:0, instance:testcases.LoginTestProvider@402a079c]" name="test" duration-ms="2233" started-at="2022-04-18T21:07:35Z" data-provider="getData" finished-at="2022-04-18T21:07:38Z">
          <params>
            <param index="0">
              <value>
                <![CDATA[amit]]>
              </value>
            </param>
            <param index="1">
              <value>
                <![CDATA[taneja]]>
              </value>
            </param>
          </params>
          <reporter-output>
          </reporter-output>
        </test-method> <!-- test -->
        <test-method status="PASS" signature="afterTest()[pri:0, instance:testcases.LoginTestProvider@402a079c]" name="afterTest" is-config="true" duration-ms="762" started-at="2022-04-18T21:07:38Z" finished-at="2022-04-18T21:07:38Z">
          <reporter-output>
          </reporter-output>
        </test-method> <!-- afterTest -->
        <test-method status="PASS" signature="beforeTest(java.lang.String, java.lang.String, java.lang.String)[pri:0, instance:testcases.LoginTestProvider@402a079c]" name="beforeTest" is-config="true" duration-ms="8166" started-at="2022-04-18T21:07:38Z" finished-at="2022-04-18T21:07:47Z">
          <params>
            <param index="0">
              <value>
                <![CDATA[chrome]]>
              </value>
            </param>
            <param index="1">
              <value>
                <![CDATA[http://www.nethorizonconsultancy.com/provider.aspx]]>
              </value>
            </param>
            <param index="2">
              <value>
                <![CDATA[Provider]]>
              </value>
            </param>
          </params>
          <reporter-output>
          </reporter-output>
        </test-method> <!-- beforeTest -->
        <test-method status="PASS" signature="test(java.lang.String, java.lang.String)[pri:0, instance:testcases.LoginTestProvider@402a079c]" name="test" duration-ms="1669" started-at="2022-04-18T21:07:47Z" data-provider="getData" finished-at="2022-04-18T21:07:48Z">
          <params>
            <param index="0">
              <value>
                <![CDATA[ravi]]>
              </value>
            </param>
            <param index="1">
              <value>
                <![CDATA[kumar]]>
              </value>
            </param>
          </params>
          <reporter-output>
          </reporter-output>
        </test-method> <!-- test -->
        <test-method status="PASS" signature="afterTest()[pri:0, instance:testcases.LoginTestProvider@402a079c]" name="afterTest" is-config="true" duration-ms="770" started-at="2022-04-18T21:07:48Z" finished-at="2022-04-18T21:07:49Z">
          <reporter-output>
          </reporter-output>
        </test-method> <!-- afterTest -->
        <test-method status="PASS" signature="afterSuite()[pri:0, instance:testcases.LoginTestProvider@402a079c]" name="afterSuite" is-config="true" duration-ms="18557" started-at="2022-04-18T21:07:49Z" finished-at="2022-04-18T21:08:08Z">
          <reporter-output>
          </reporter-output>
        </test-method> <!-- afterSuite -->
      </class> <!-- testcases.LoginTestProvider -->
    </test> <!-- ProviderTest -->
  </suite> <!-- Suite -->
</testng-results>
